<?xml version="1.0" encoding="utf-8"?><testsuites name="pytest tests"><testsuite name="pytest" errors="0" failures="0" skipped="0" tests="19" time="1.827" timestamp="2026-06-26T13:21:24.227695+00:00" hostname="agent-env-25d3eba6-dd70-4807-8eef-ac0e50fdd229"><testcase classname="backend.tests.test_iteration10.TestAuth" name="test_login" time="0.382" /><testcase classname="backend.tests.test_iteration10.TestPaymentBugFix" name="test_record_payment_success" time="0.170" /><testcase classname="backend.tests.test_iteration10.TestPaymentBugFix" name="test_undefined_id_returns_404_not_400" time="0.047" /><testcase classname="backend.tests.test_iteration10.TestStageDurations" name="test_get_defaults" time="0.043" /><testcase classname="backend.tests.test_iteration10.TestStageDurations" name="test_put_and_persist" time="0.127" /><testcase classname="backend.tests.test_iteration10.TestOverdue" name="test_overdue_endpoint" time="0.097" /><testcase classname="backend.tests.test_iteration10.TestReports" name="test_monthly_production" time="0.042" /><testcase classname="backend.tests.test_iteration10.TestReports" name="test_karigar_output" time="0.084" /><testcase classname="backend.tests.test_iteration10.TestReports" name="test_cost_variance" time="0.042" /><testcase classname="backend.tests.test_iteration10.TestReports" name="test_stage_cycle_time" time="0.043" /><testcase classname="backend.tests.test_iteration10.TestReports" name="test_defect_rate" time="0.048" /><testcase classname="backend.tests.test_iteration10.TestProductionCardPDF" name="test_card_pdf_with_tally" time="0.101" /><testcase classname="backend.tests.test_iteration10.TestJobStageDeadline" name="test_stage_update_sets_deadline" time="0.129" /><testcase classname="backend.tests.test_iteration10.TestRegression" name="test_list_pos" time="0.042" /><testcase classname="backend.tests.test_iteration10.TestRegression" name="test_list_workers" time="0.042" /><testcase classname="backend.tests.test_iteration10.TestRegression" name="test_list_materials" time="0.045" /><testcase classname="backend.tests.test_iteration10.TestRegression" name="test_payroll_report" time="0.044" /><testcase classname="backend.tests.test_iteration10.TestRegression" name="test_create_worker" time="0.125" /><testcase classname="backend.tests.test_iteration10.TestRegression" name="test_wage_slip_pdf" time="0.106" /></testsuite></testsuites>